{"/Users/zimmja/Desktop/MAKERS/Week10/Bank/transaction.js": {"path":"/Users/zimmja/Desktop/MAKERS/Week10/Bank/transaction.js","statementMap":{"0":{"start":{"line":3,"column":4},"end":{"line":3,"column":31}},"1":{"start":{"line":4,"column":4},"end":{"line":4,"column":27}},"2":{"start":{"line":5,"column":4},"end":{"line":5,"column":25}},"3":{"start":{"line":6,"column":4},"end":{"line":6,"column":31}},"4":{"start":{"line":9,"column":12},"end":{"line":16,"column":3}},"5":{"start":{"line":10,"column":4},"end":{"line":15,"column":6}},"6":{"start":{"line":18,"column":16},"end":{"line":20,"column":3}},"7":{"start":{"line":19,"column":4},"end":{"line":19,"column":36}},"8":{"start":{"line":22,"column":17},"end":{"line":24,"column":3}},"9":{"start":{"line":23,"column":4},"end":{"line":23,"column":46}},"10":{"start":{"line":26,"column":14},"end":{"line":31,"column":3}},"11":{"start":{"line":27,"column":16},"end":{"line":27,"column":47}},"12":{"start":{"line":28,"column":14},"end":{"line":28,"column":50}},"13":{"start":{"line":29,"column":13},"end":{"line":29,"column":48}},"14":{"start":{"line":30,"column":4},"end":{"line":30,"column":37}},"15":{"start":{"line":33,"column":16},"end":{"line":39,"column":3}},"16":{"start":{"line":34,"column":23},"end":{"line":34,"column":40}},"17":{"start":{"line":35,"column":4},"end":{"line":35,"column":55}},"18":{"start":{"line":35,"column":32},"end":{"line":35,"column":55}},"19":{"start":{"line":36,"column":17},"end":{"line":36,"column":49}},"20":{"start":{"line":37,"column":26},"end":{"line":37,"column":50}},"21":{"start":{"line":38,"column":4},"end":{"line":38,"column":44}},"22":{"start":{"line":41,"column":18},"end":{"line":47,"column":3}},"23":{"start":{"line":42,"column":27},"end":{"line":42,"column":44}},"24":{"start":{"line":43,"column":23},"end":{"line":43,"column":44}},"25":{"start":{"line":44,"column":4},"end":{"line":44,"column":46}},"26":{"start":{"line":44,"column":25},"end":{"line":44,"column":46}},"27":{"start":{"line":45,"column":4},"end":{"line":45,"column":72}},"28":{"start":{"line":45,"column":24},"end":{"line":45,"column":72}},"29":{"start":{"line":46,"column":4},"end":{"line":46,"column":19}},"30":{"start":{"line":49,"column":15},"end":{"line":49,"column":61}},"31":{"start":{"line":49,"column":26},"end":{"line":49,"column":60}},"32":{"start":{"line":52,"column":0},"end":{"line":52,"column":29}}},"fnMap":{"0":{"name":"(anonymous_0)","decl":{"start":{"line":2,"column":2},"end":{"line":2,"column":3}},"loc":{"start":{"line":2,"column":53},"end":{"line":7,"column":3}},"line":2},"1":{"name":"(anonymous_1)","decl":{"start":{"line":9,"column":12},"end":{"line":9,"column":13}},"loc":{"start":{"line":9,"column":18},"end":{"line":16,"column":3}},"line":9},"2":{"name":"(anonymous_2)","decl":{"start":{"line":18,"column":16},"end":{"line":18,"column":17}},"loc":{"start":{"line":18,"column":42},"end":{"line":20,"column":3}},"line":18},"3":{"name":"(anonymous_3)","decl":{"start":{"line":22,"column":17},"end":{"line":22,"column":18}},"loc":{"start":{"line":22,"column":67},"end":{"line":24,"column":3}},"line":22},"4":{"name":"(anonymous_4)","decl":{"start":{"line":26,"column":14},"end":{"line":26,"column":15}},"loc":{"start":{"line":26,"column":41},"end":{"line":31,"column":3}},"line":26},"5":{"name":"(anonymous_5)","decl":{"start":{"line":33,"column":16},"end":{"line":33,"column":17}},"loc":{"start":{"line":33,"column":29},"end":{"line":39,"column":3}},"line":33},"6":{"name":"(anonymous_6)","decl":{"start":{"line":41,"column":18},"end":{"line":41,"column":19}},"loc":{"start":{"line":41,"column":31},"end":{"line":47,"column":3}},"line":41},"7":{"name":"(anonymous_7)","decl":{"start":{"line":49,"column":15},"end":{"line":49,"column":16}},"loc":{"start":{"line":49,"column":26},"end":{"line":49,"column":60}},"line":49}},"branchMap":{"0":{"loc":{"start":{"line":18,"column":17},"end":{"line":18,"column":37}},"type":"default-arg","locations":[{"start":{"line":18,"column":26},"end":{"line":18,"column":37}}],"line":18},"1":{"loc":{"start":{"line":22,"column":18},"end":{"line":22,"column":40}},"type":"default-arg","locations":[{"start":{"line":22,"column":28},"end":{"line":22,"column":40}}],"line":22},"2":{"loc":{"start":{"line":22,"column":42},"end":{"line":22,"column":62}},"type":"default-arg","locations":[{"start":{"line":22,"column":51},"end":{"line":22,"column":62}}],"line":22},"3":{"loc":{"start":{"line":26,"column":15},"end":{"line":26,"column":36}},"type":"default-arg","locations":[{"start":{"line":26,"column":22},"end":{"line":26,"column":36}}],"line":26},"4":{"loc":{"start":{"line":35,"column":4},"end":{"line":35,"column":55}},"type":"if","locations":[{"start":{"line":35,"column":4},"end":{"line":35,"column":55}},{"start":{},"end":{}}],"line":35},"5":{"loc":{"start":{"line":44,"column":4},"end":{"line":44,"column":46}},"type":"if","locations":[{"start":{"line":44,"column":4},"end":{"line":44,"column":46}},{"start":{},"end":{}}],"line":44},"6":{"loc":{"start":{"line":45,"column":4},"end":{"line":45,"column":72}},"type":"if","locations":[{"start":{"line":45,"column":4},"end":{"line":45,"column":72}},{"start":{},"end":{}}],"line":45},"7":{"loc":{"start":{"line":49,"column":26},"end":{"line":49,"column":60}},"type":"cond-expr","locations":[{"start":{"line":49,"column":38},"end":{"line":49,"column":48}},{"start":{"line":49,"column":51},"end":{"line":49,"column":60}}],"line":49}},"s":{"0":1,"1":1,"2":1,"3":1,"4":1,"5":1,"6":1,"7":1,"8":1,"9":1,"10":1,"11":1,"12":1,"13":1,"14":1,"15":1,"16":2,"17":2,"18":1,"19":1,"20":1,"21":1,"22":1,"23":1,"24":1,"25":1,"26":1,"27":0,"28":0,"29":0,"30":1,"31":3,"32":1},"f":{"0":1,"1":1,"2":1,"3":1,"4":1,"5":2,"6":1,"7":3},"b":{"0":[1],"1":[1],"2":[1],"3":[1],"4":[1,1],"5":[1,0],"6":[0,0],"7":[2,1]},"_coverageSchema":"1a1c01bbd47fc00a2c39e90264f33305004495a9","hash":"9cf25ca7bfab215e8b6d51ce72269f6e71dd4242"}
}
