{"/Users/zimmja/Desktop/MAKERS/Week10/Bank/account.js": {"path":"/Users/zimmja/Desktop/MAKERS/Week10/Bank/account.js","statementMap":{"0":{"start":{"line":1,"column":20},"end":{"line":1,"column":51}},"1":{"start":{"line":2,"column":18},"end":{"line":2,"column":47}},"2":{"start":{"line":6,"column":4},"end":{"line":6,"column":21}},"3":{"start":{"line":7,"column":4},"end":{"line":7,"column":27}},"4":{"start":{"line":10,"column":12},"end":{"line":10,"column":72}},"5":{"start":{"line":10,"column":37},"end":{"line":10,"column":72}},"6":{"start":{"line":12,"column":13},"end":{"line":12,"column":74}},"7":{"start":{"line":12,"column":39},"end":{"line":12,"column":74}},"8":{"start":{"line":14,"column":14},"end":{"line":17,"column":3}},"9":{"start":{"line":15,"column":4},"end":{"line":15,"column":64}},"10":{"start":{"line":15,"column":31},"end":{"line":15,"column":64}},"11":{"start":{"line":16,"column":4},"end":{"line":16,"column":27}},"12":{"start":{"line":19,"column":21},"end":{"line":23,"column":3}},"13":{"start":{"line":20,"column":4},"end":{"line":20,"column":41}},"14":{"start":{"line":21,"column":4},"end":{"line":21,"column":50}},"15":{"start":{"line":22,"column":4},"end":{"line":22,"column":40}},"16":{"start":{"line":25,"column":22},"end":{"line":29,"column":3}},"17":{"start":{"line":26,"column":4},"end":{"line":26,"column":40}},"18":{"start":{"line":27,"column":4},"end":{"line":27,"column":51}},"19":{"start":{"line":28,"column":4},"end":{"line":28,"column":24}},"20":{"start":{"line":31,"column":15},"end":{"line":31,"column":58}},"21":{"start":{"line":31,"column":28},"end":{"line":31,"column":57}},"22":{"start":{"line":33,"column":24},"end":{"line":38,"column":3}},"23":{"start":{"line":34,"column":4},"end":{"line":35,"column":57}},"24":{"start":{"line":35,"column":6},"end":{"line":35,"column":57}},"25":{"start":{"line":36,"column":4},"end":{"line":36,"column":58}},"26":{"start":{"line":36,"column":23},"end":{"line":36,"column":58}},"27":{"start":{"line":37,"column":4},"end":{"line":37,"column":16}},"28":{"start":{"line":40,"column":19},"end":{"line":45,"column":3}},"29":{"start":{"line":41,"column":4},"end":{"line":41,"column":28}},"30":{"start":{"line":42,"column":4},"end":{"line":42,"column":69}},"31":{"start":{"line":42,"column":23},"end":{"line":42,"column":69}},"32":{"start":{"line":43,"column":4},"end":{"line":43,"column":73}},"33":{"start":{"line":43,"column":21},"end":{"line":43,"column":73}},"34":{"start":{"line":44,"column":4},"end":{"line":44,"column":18}},"35":{"start":{"line":48,"column":0},"end":{"line":48,"column":25}}},"fnMap":{"0":{"name":"(anonymous_0)","decl":{"start":{"line":5,"column":2},"end":{"line":5,"column":3}},"loc":{"start":{"line":5,"column":16},"end":{"line":8,"column":3}},"line":5},"1":{"name":"(anonymous_1)","decl":{"start":{"line":10,"column":12},"end":{"line":10,"column":13}},"loc":{"start":{"line":10,"column":37},"end":{"line":10,"column":72}},"line":10},"2":{"name":"(anonymous_2)","decl":{"start":{"line":12,"column":13},"end":{"line":12,"column":14}},"loc":{"start":{"line":12,"column":39},"end":{"line":12,"column":74}},"line":12},"3":{"name":"(anonymous_3)","decl":{"start":{"line":14,"column":14},"end":{"line":14,"column":15}},"loc":{"start":{"line":14,"column":60},"end":{"line":17,"column":3}},"line":14},"4":{"name":"(anonymous_4)","decl":{"start":{"line":19,"column":21},"end":{"line":19,"column":22}},"loc":{"start":{"line":19,"column":39},"end":{"line":23,"column":3}},"line":19},"5":{"name":"(anonymous_5)","decl":{"start":{"line":25,"column":22},"end":{"line":25,"column":23}},"loc":{"start":{"line":25,"column":39},"end":{"line":29,"column":3}},"line":25},"6":{"name":"(anonymous_6)","decl":{"start":{"line":31,"column":15},"end":{"line":31,"column":16}},"loc":{"start":{"line":31,"column":28},"end":{"line":31,"column":57}},"line":31},"7":{"name":"(anonymous_7)","decl":{"start":{"line":33,"column":24},"end":{"line":33,"column":25}},"loc":{"start":{"line":33,"column":42},"end":{"line":38,"column":3}},"line":33},"8":{"name":"(anonymous_8)","decl":{"start":{"line":40,"column":19},"end":{"line":40,"column":20}},"loc":{"start":{"line":40,"column":31},"end":{"line":45,"column":3}},"line":40}},"branchMap":{"0":{"loc":{"start":{"line":10,"column":21},"end":{"line":10,"column":32}},"type":"default-arg","locations":[{"start":{"line":10,"column":28},"end":{"line":10,"column":32}}],"line":10},"1":{"loc":{"start":{"line":12,"column":22},"end":{"line":12,"column":34}},"type":"default-arg","locations":[{"start":{"line":12,"column":29},"end":{"line":12,"column":34}}],"line":12},"2":{"loc":{"start":{"line":14,"column":15},"end":{"line":14,"column":55}},"type":"default-arg","locations":[{"start":{"line":14,"column":23},"end":{"line":14,"column":55}}],"line":14},"3":{"loc":{"start":{"line":15,"column":4},"end":{"line":15,"column":64}},"type":"if","locations":[{"start":{"line":15,"column":4},"end":{"line":15,"column":64}},{"start":{},"end":{}}],"line":15},"4":{"loc":{"start":{"line":34,"column":4},"end":{"line":35,"column":57}},"type":"if","locations":[{"start":{"line":34,"column":4},"end":{"line":35,"column":57}},{"start":{},"end":{}}],"line":34},"5":{"loc":{"start":{"line":36,"column":4},"end":{"line":36,"column":58}},"type":"if","locations":[{"start":{"line":36,"column":4},"end":{"line":36,"column":58}},{"start":{},"end":{}}],"line":36},"6":{"loc":{"start":{"line":42,"column":4},"end":{"line":42,"column":69}},"type":"if","locations":[{"start":{"line":42,"column":4},"end":{"line":42,"column":69}},{"start":{},"end":{}}],"line":42},"7":{"loc":{"start":{"line":43,"column":4},"end":{"line":43,"column":73}},"type":"if","locations":[{"start":{"line":43,"column":4},"end":{"line":43,"column":73}},{"start":{},"end":{}}],"line":43}},"s":{"0":1,"1":1,"2":1,"3":1,"4":1,"5":6,"6":1,"7":4,"8":1,"9":3,"10":1,"11":2,"12":1,"13":10,"14":7,"15":6,"16":1,"17":6,"18":6,"19":6,"20":1,"21":6,"22":1,"23":7,"24":2,"25":7,"26":1,"27":6,"28":1,"29":10,"30":10,"31":1,"32":9,"33":2,"34":7,"35":1},"f":{"0":1,"1":6,"2":4,"3":3,"4":10,"5":6,"6":6,"7":7,"8":10},"b":{"0":[1],"1":[1],"2":[1],"3":[1,2],"4":[2,5],"5":[1,6],"6":[1,9],"7":[2,7]},"_coverageSchema":"1a1c01bbd47fc00a2c39e90264f33305004495a9","hash":"6d88a198218061b69c9bfc218fba185c6d7e6d97"}
,"/Users/zimmja/Desktop/MAKERS/Week10/Bank/lib/formatter.js": {"path":"/Users/zimmja/Desktop/MAKERS/Week10/Bank/lib/formatter.js","statementMap":{"0":{"start":{"line":2,"column":10},"end":{"line":7,"column":3}},"1":{"start":{"line":3,"column":17},"end":{"line":3,"column":34}},"2":{"start":{"line":4,"column":4},"end":{"line":4,"column":49}},"3":{"start":{"line":4,"column":26},"end":{"line":4,"column":49}},"4":{"start":{"line":5,"column":22},"end":{"line":5,"column":54}},"5":{"start":{"line":6,"column":4},"end":{"line":6,"column":55}},"6":{"start":{"line":9,"column":19},"end":{"line":14,"column":3}},"7":{"start":{"line":10,"column":19},"end":{"line":10,"column":36}},"8":{"start":{"line":11,"column":17},"end":{"line":11,"column":30}},"9":{"start":{"line":12,"column":4},"end":{"line":12,"column":58}},"10":{"start":{"line":12,"column":18},"end":{"line":12,"column":58}},"11":{"start":{"line":13,"column":4},"end":{"line":13,"column":47}},"12":{"start":{"line":16,"column":9},"end":{"line":16,"column":55}},"13":{"start":{"line":16,"column":20},"end":{"line":16,"column":54}},"14":{"start":{"line":19,"column":0},"end":{"line":19,"column":27}}},"fnMap":{"0":{"name":"(anonymous_0)","decl":{"start":{"line":2,"column":10},"end":{"line":2,"column":11}},"loc":{"start":{"line":2,"column":23},"end":{"line":7,"column":3}},"line":2},"1":{"name":"(anonymous_1)","decl":{"start":{"line":9,"column":19},"end":{"line":9,"column":20}},"loc":{"start":{"line":9,"column":32},"end":{"line":14,"column":3}},"line":9},"2":{"name":"(anonymous_2)","decl":{"start":{"line":16,"column":9},"end":{"line":16,"column":10}},"loc":{"start":{"line":16,"column":20},"end":{"line":16,"column":54}},"line":16}},"branchMap":{"0":{"loc":{"start":{"line":4,"column":4},"end":{"line":4,"column":49}},"type":"if","locations":[{"start":{"line":4,"column":4},"end":{"line":4,"column":49}},{"start":{},"end":{}}],"line":4},"1":{"loc":{"start":{"line":12,"column":4},"end":{"line":12,"column":58}},"type":"if","locations":[{"start":{"line":12,"column":4},"end":{"line":12,"column":58}},{"start":{},"end":{}}],"line":12},"2":{"loc":{"start":{"line":13,"column":11},"end":{"line":13,"column":46}},"type":"cond-expr","locations":[{"start":{"line":13,"column":23},"end":{"line":13,"column":36}},{"start":{"line":13,"column":39},"end":{"line":13,"column":46}}],"line":13},"3":{"loc":{"start":{"line":16,"column":20},"end":{"line":16,"column":54}},"type":"cond-expr","locations":[{"start":{"line":16,"column":32},"end":{"line":16,"column":42}},{"start":{"line":16,"column":45},"end":{"line":16,"column":54}}],"line":16}},"s":{"0":5,"1":12,"2":12,"3":9,"4":3,"5":3,"6":5,"7":3,"8":3,"9":3,"10":1,"11":2,"12":5,"13":10,"14":3},"f":{"0":12,"1":3,"2":10},"b":{"0":[9,3],"1":[1,2],"2":[1,1],"3":[9,1]},"_coverageSchema":"1a1c01bbd47fc00a2c39e90264f33305004495a9","hash":"f89e63efd82f3c8cd4630aae67303182df5fa039"}
,"/Users/zimmja/Desktop/MAKERS/Week10/Bank/lib/statement.js": {"path":"/Users/zimmja/Desktop/MAKERS/Week10/Bank/lib/statement.js","statementMap":{"0":{"start":{"line":3,"column":4},"end":{"line":3,"column":33}},"1":{"start":{"line":6,"column":19},"end":{"line":10,"column":3}},"2":{"start":{"line":7,"column":18},"end":{"line":7,"column":41}},"3":{"start":{"line":8,"column":31},"end":{"line":8,"column":47}},"4":{"start":{"line":9,"column":4},"end":{"line":9,"column":36}},"5":{"start":{"line":12,"column":21},"end":{"line":15,"column":3}},"6":{"start":{"line":13,"column":19},"end":{"line":13,"column":57}},"7":{"start":{"line":14,"column":4},"end":{"line":14,"column":50}},"8":{"start":{"line":17,"column":21},"end":{"line":20,"column":3}},"9":{"start":{"line":18,"column":18},"end":{"line":18,"column":72}},"10":{"start":{"line":18,"column":43},"end":{"line":18,"column":71}},"11":{"start":{"line":19,"column":4},"end":{"line":19,"column":27}},"12":{"start":{"line":22,"column":15},"end":{"line":26,"column":3}},"13":{"start":{"line":23,"column":18},"end":{"line":23,"column":45}},"14":{"start":{"line":24,"column":13},"end":{"line":24,"column":39}},"15":{"start":{"line":25,"column":4},"end":{"line":25,"column":64}},"16":{"start":{"line":28,"column":14},"end":{"line":28,"column":62}},"17":{"start":{"line":28,"column":26},"end":{"line":28,"column":61}},"18":{"start":{"line":31,"column":0},"end":{"line":31,"column":27}}},"fnMap":{"0":{"name":"(anonymous_0)","decl":{"start":{"line":2,"column":2},"end":{"line":2,"column":3}},"loc":{"start":{"line":2,"column":28},"end":{"line":4,"column":3}},"line":2},"1":{"name":"(anonymous_1)","decl":{"start":{"line":6,"column":19},"end":{"line":6,"column":20}},"loc":{"start":{"line":6,"column":25},"end":{"line":10,"column":3}},"line":6},"2":{"name":"(anonymous_2)","decl":{"start":{"line":12,"column":21},"end":{"line":12,"column":22}},"loc":{"start":{"line":12,"column":27},"end":{"line":15,"column":3}},"line":12},"3":{"name":"(anonymous_3)","decl":{"start":{"line":17,"column":21},"end":{"line":17,"column":22}},"loc":{"start":{"line":17,"column":27},"end":{"line":20,"column":3}},"line":17},"4":{"name":"(anonymous_4)","decl":{"start":{"line":18,"column":36},"end":{"line":18,"column":37}},"loc":{"start":{"line":18,"column":43},"end":{"line":18,"column":71}},"line":18},"5":{"name":"(anonymous_5)","decl":{"start":{"line":22,"column":15},"end":{"line":22,"column":16}},"loc":{"start":{"line":22,"column":25},"end":{"line":26,"column":3}},"line":22},"6":{"name":"(anonymous_6)","decl":{"start":{"line":28,"column":14},"end":{"line":28,"column":15}},"loc":{"start":{"line":28,"column":26},"end":{"line":28,"column":61}},"line":28}},"branchMap":{"0":{"loc":{"start":{"line":28,"column":26},"end":{"line":28,"column":61}},"type":"cond-expr","locations":[{"start":{"line":28,"column":43},"end":{"line":28,"column":46}},{"start":{"line":28,"column":49},"end":{"line":28,"column":61}}],"line":28}},"s":{"0":3,"1":3,"2":2,"3":2,"4":2,"5":3,"6":4,"7":4,"8":3,"9":4,"10":8,"11":4,"12":3,"13":8,"14":8,"15":8,"16":3,"17":16,"18":2},"f":{"0":3,"1":2,"2":4,"3":4,"4":8,"5":8,"6":16},"b":{"0":[8,8]},"_coverageSchema":"1a1c01bbd47fc00a2c39e90264f33305004495a9","hash":"26643b779934c7e18fe8a483be2bc26c11aa08d6"}
,"/Users/zimmja/Desktop/MAKERS/Week10/Bank/lib/transaction.js": {"path":"/Users/zimmja/Desktop/MAKERS/Week10/Bank/lib/transaction.js","statementMap":{"0":{"start":{"line":1,"column":18},"end":{"line":1,"column":43}},"1":{"start":{"line":5,"column":4},"end":{"line":5,"column":21}},"2":{"start":{"line":6,"column":4},"end":{"line":6,"column":27}},"3":{"start":{"line":7,"column":4},"end":{"line":7,"column":25}},"4":{"start":{"line":8,"column":4},"end":{"line":8,"column":31}},"5":{"start":{"line":11,"column":12},"end":{"line":18,"column":3}},"6":{"start":{"line":12,"column":4},"end":{"line":17,"column":6}},"7":{"start":{"line":20,"column":15},"end":{"line":20,"column":73}},"8":{"start":{"line":20,"column":24},"end":{"line":20,"column":73}},"9":{"start":{"line":22,"column":16},"end":{"line":22,"column":75}},"10":{"start":{"line":22,"column":25},"end":{"line":22,"column":75}},"11":{"start":{"line":24,"column":15},"end":{"line":24,"column":71}},"12":{"start":{"line":24,"column":39},"end":{"line":24,"column":70}},"13":{"start":{"line":26,"column":17},"end":{"line":29,"column":3}},"14":{"start":{"line":27,"column":16},"end":{"line":27,"column":62}},"15":{"start":{"line":28,"column":4},"end":{"line":28,"column":41}},"16":{"start":{"line":31,"column":14},"end":{"line":36,"column":3}},"17":{"start":{"line":32,"column":16},"end":{"line":32,"column":40}},"18":{"start":{"line":33,"column":14},"end":{"line":33,"column":43}},"19":{"start":{"line":34,"column":13},"end":{"line":34,"column":31}},"20":{"start":{"line":35,"column":4},"end":{"line":35,"column":37}},"21":{"start":{"line":39,"column":0},"end":{"line":39,"column":29}}},"fnMap":{"0":{"name":"(anonymous_0)","decl":{"start":{"line":4,"column":2},"end":{"line":4,"column":3}},"loc":{"start":{"line":4,"column":68},"end":{"line":9,"column":3}},"line":4},"1":{"name":"(anonymous_1)","decl":{"start":{"line":11,"column":12},"end":{"line":11,"column":13}},"loc":{"start":{"line":11,"column":39},"end":{"line":18,"column":3}},"line":11},"2":{"name":"(anonymous_2)","decl":{"start":{"line":20,"column":15},"end":{"line":20,"column":16}},"loc":{"start":{"line":20,"column":24},"end":{"line":20,"column":73}},"line":20},"3":{"name":"(anonymous_3)","decl":{"start":{"line":22,"column":16},"end":{"line":22,"column":17}},"loc":{"start":{"line":22,"column":25},"end":{"line":22,"column":75}},"line":22},"4":{"name":"(anonymous_4)","decl":{"start":{"line":24,"column":15},"end":{"line":24,"column":16}},"loc":{"start":{"line":24,"column":39},"end":{"line":24,"column":70}},"line":24},"5":{"name":"(anonymous_5)","decl":{"start":{"line":26,"column":17},"end":{"line":26,"column":18}},"loc":{"start":{"line":26,"column":26},"end":{"line":29,"column":3}},"line":26},"6":{"name":"(anonymous_6)","decl":{"start":{"line":31,"column":14},"end":{"line":31,"column":15}},"loc":{"start":{"line":31,"column":41},"end":{"line":36,"column":3}},"line":31}},"branchMap":{"0":{"loc":{"start":{"line":4,"column":31},"end":{"line":4,"column":47}},"type":"default-arg","locations":[{"start":{"line":4,"column":43},"end":{"line":4,"column":47}}],"line":4},"1":{"loc":{"start":{"line":4,"column":49},"end":{"line":4,"column":66}},"type":"default-arg","locations":[{"start":{"line":4,"column":56},"end":{"line":4,"column":66}}],"line":4},"2":{"loc":{"start":{"line":11,"column":13},"end":{"line":11,"column":34}},"type":"default-arg","locations":[{"start":{"line":11,"column":19},"end":{"line":11,"column":34}}],"line":11},"3":{"loc":{"start":{"line":24,"column":39},"end":{"line":24,"column":70}},"type":"cond-expr","locations":[{"start":{"line":24,"column":49},"end":{"line":24,"column":53}},{"start":{"line":24,"column":56},"end":{"line":24,"column":70}}],"line":24},"4":{"loc":{"start":{"line":27,"column":16},"end":{"line":27,"column":62}},"type":"cond-expr","locations":[{"start":{"line":27,"column":33},"end":{"line":27,"column":44}},{"start":{"line":27,"column":47},"end":{"line":27,"column":62}}],"line":27},"5":{"loc":{"start":{"line":31,"column":20},"end":{"line":31,"column":36}},"type":"default-arg","locations":[{"start":{"line":31,"column":27},"end":{"line":31,"column":36}}],"line":31}},"s":{"0":2,"1":5,"2":5,"3":5,"4":5,"5":5,"6":7,"7":5,"8":7,"9":5,"10":7,"11":5,"12":14,"13":5,"14":7,"15":7,"16":5,"17":7,"18":7,"19":7,"20":7,"21":2},"f":{"0":5,"1":7,"2":7,"3":7,"4":14,"5":7,"6":7},"b":{"0":[1],"1":[3],"2":[4],"3":[7,7],"4":[4,3],"5":[7]},"_coverageSchema":"1a1c01bbd47fc00a2c39e90264f33305004495a9","hash":"2efbaf0784f8f179fc0736063ac5a97ddf7f9ecd"}
}
