TN:
SF:account.js
FN:5,(anonymous_0)
FN:12,(anonymous_1)
FN:16,(anonymous_2)
FN:20,(anonymous_3)
FN:27,(anonymous_4)
FN:33,(anonymous_5)
FN:39,(anonymous_6)
FN:45,(anonymous_7)
FN:52,(anonymous_8)
FNF:9
FNH:9
FNDA:1,(anonymous_0)
FNDA:6,(anonymous_1)
FNDA:4,(anonymous_2)
FNDA:3,(anonymous_3)
FNDA:10,(anonymous_4)
FNDA:6,(anonymous_5)
FNDA:6,(anonymous_6)
FNDA:7,(anonymous_7)
FNDA:10,(anonymous_8)
DA:1,1
DA:2,1
DA:6,1
DA:7,1
DA:12,1
DA:13,6
DA:16,1
DA:17,4
DA:20,1
DA:21,3
DA:22,2
DA:27,1
DA:28,10
DA:29,7
DA:30,6
DA:33,1
DA:34,6
DA:35,6
DA:36,6
DA:39,1
DA:40,6
DA:45,1
DA:46,7
DA:47,2
DA:48,7
DA:49,6
DA:52,1
DA:53,10
DA:54,10
DA:55,9
DA:56,7
DA:60,1
LF:32
LH:32
BRDA:12,0,0,1
BRDA:16,1,0,1
BRDA:20,2,0,1
BRDA:21,3,0,1
BRDA:21,3,1,2
BRDA:46,4,0,2
BRDA:46,4,1,5
BRDA:46,5,0,7
BRDA:46,5,1,6
BRDA:48,6,0,1
BRDA:48,6,1,6
BRDA:54,7,0,1
BRDA:54,7,1,9
BRDA:55,8,0,2
BRDA:55,8,1,7
BRF:15
BRH:15
end_of_record
TN:
SF:lib/statement.js
FN:2,(anonymous_0)
FN:6,(anonymous_1)
FN:8,(anonymous_2)
FN:11,(anonymous_3)
FN:16,(anonymous_4)
FN:17,(anonymous_5)
FN:21,(anonymous_6)
FN:27,(anonymous_7)
FNF:8
FNH:8
FNDA:3,(anonymous_0)
FNDA:2,(anonymous_1)
FNDA:7,(anonymous_2)
FNDA:4,(anonymous_3)
FNDA:4,(anonymous_4)
FNDA:8,(anonymous_5)
FNDA:8,(anonymous_6)
FNDA:16,(anonymous_7)
DA:3,3
DA:6,3
DA:7,2
DA:8,7
DA:11,3
DA:12,4
DA:13,4
DA:16,3
DA:17,8
DA:18,4
DA:21,3
DA:22,8
DA:23,8
DA:24,8
DA:27,16
DA:30,2
LF:16
LH:16
BRDA:27,0,0,8
BRDA:27,0,1,8
BRF:2
BRH:2
end_of_record
TN:
SF:lib/transaction.js
FN:2,(anonymous_0)
FN:10,(anonymous_1)
FN:19,(anonymous_2)
FN:23,(anonymous_3)
FN:27,(anonymous_4)
FN:31,(anonymous_5)
FN:36,(anonymous_6)
FNF:7
FNH:7
FNDA:8,(anonymous_0)
FNDA:10,(anonymous_1)
FNDA:10,(anonymous_2)
FNDA:10,(anonymous_3)
FNDA:20,(anonymous_4)
FNDA:10,(anonymous_5)
FNDA:10,(anonymous_6)
DA:3,8
DA:4,8
DA:5,8
DA:6,8
DA:7,8
DA:10,8
DA:11,10
DA:19,8
DA:20,10
DA:23,8
DA:24,10
DA:27,8
DA:28,20
DA:31,8
DA:32,10
DA:33,10
DA:36,8
DA:37,10
DA:38,10
DA:39,10
DA:40,10
DA:44,2
LF:22
LH:22
BRDA:2,0,0,1
BRDA:2,1,0,3
BRDA:19,2,0,10
BRDA:23,3,0,10
BRDA:28,4,0,10
BRDA:28,4,1,10
BRDA:31,5,0,10
BRDA:31,6,0,10
BRDA:32,7,0,3
BRDA:32,7,1,7
BRDA:36,8,0,10
BRF:11
BRH:11
end_of_record
TN:
SF:modules/formatter.js
FN:1,(anonymous_0)
FN:9,(anonymous_1)
FN:17,(anonymous_2)
FNF:3
FNH:3
FNDA:20,(anonymous_0)
FNDA:7,(anonymous_1)
FNDA:30,(anonymous_2)
DA:1,2
DA:2,20
DA:3,20
DA:4,7
DA:5,7
DA:6,7
DA:9,2
DA:10,7
DA:11,7
DA:12,7
DA:13,5
DA:14,3
DA:17,30
DA:19,2
DA:20,2
DA:21,2
LF:16
LH:16
BRDA:3,0,0,13
BRDA:3,0,1,7
BRDA:12,1,0,2
BRDA:12,1,1,5
BRDA:13,2,0,2
BRDA:13,2,1,3
BRDA:17,3,0,20
BRDA:17,3,1,10
BRF:8
BRH:8
end_of_record
