TN:
SF:account.js
FN:5,(anonymous_0)
FN:10,(anonymous_1)
FN:12,(anonymous_2)
FN:14,(anonymous_3)
FN:19,(anonymous_4)
FN:25,(anonymous_5)
FN:31,(anonymous_6)
FN:33,(anonymous_7)
FN:40,(anonymous_8)
FNF:9
FNH:9
FNDA:1,(anonymous_0)
FNDA:6,(anonymous_1)
FNDA:4,(anonymous_2)
FNDA:3,(anonymous_3)
FNDA:10,(anonymous_4)
FNDA:6,(anonymous_5)
FNDA:6,(anonymous_6)
FNDA:7,(anonymous_7)
FNDA:10,(anonymous_8)
DA:1,1
DA:2,1
DA:6,1
DA:7,1
DA:10,6
DA:12,4
DA:14,1
DA:15,3
DA:16,2
DA:19,1
DA:20,10
DA:21,7
DA:22,6
DA:25,1
DA:26,6
DA:27,6
DA:28,6
DA:31,6
DA:33,1
DA:34,7
DA:35,2
DA:36,7
DA:37,6
DA:40,1
DA:41,10
DA:42,10
DA:43,9
DA:44,7
DA:48,1
LF:29
LH:29
BRDA:10,0,0,1
BRDA:12,1,0,1
BRDA:14,2,0,1
BRDA:15,3,0,1
BRDA:15,3,1,2
BRDA:34,4,0,2
BRDA:34,4,1,5
BRDA:36,5,0,1
BRDA:36,5,1,6
BRDA:42,6,0,1
BRDA:42,6,1,9
BRDA:43,7,0,2
BRDA:43,7,1,7
BRF:13
BRH:13
end_of_record
TN:
SF:lib/statement.js
FN:2,(anonymous_0)
FN:6,(anonymous_1)
FN:8,(anonymous_2)
FN:11,(anonymous_3)
FN:16,(anonymous_4)
FN:17,(anonymous_5)
FN:21,(anonymous_6)
FN:27,(anonymous_7)
FNF:8
FNH:8
FNDA:3,(anonymous_0)
FNDA:2,(anonymous_1)
FNDA:7,(anonymous_2)
FNDA:4,(anonymous_3)
FNDA:4,(anonymous_4)
FNDA:8,(anonymous_5)
FNDA:8,(anonymous_6)
FNDA:16,(anonymous_7)
DA:3,3
DA:6,3
DA:7,2
DA:8,7
DA:11,3
DA:12,4
DA:13,4
DA:16,3
DA:17,8
DA:18,4
DA:21,3
DA:22,8
DA:23,8
DA:24,8
DA:27,16
DA:30,2
LF:16
LH:16
BRDA:27,0,0,8
BRDA:27,0,1,8
BRF:2
BRH:2
end_of_record
TN:
SF:lib/transaction.js
FN:4,(anonymous_0)
FN:16,(anonymous_1)
FN:27,(anonymous_2)
FN:30,(anonymous_3)
FN:33,(anonymous_4)
FN:35,(anonymous_5)
FN:40,(anonymous_6)
FNF:7
FNH:7
FNDA:8,(anonymous_0)
FNDA:10,(anonymous_1)
FNDA:10,(anonymous_2)
FNDA:10,(anonymous_3)
FNDA:20,(anonymous_4)
FNDA:10,(anonymous_5)
FNDA:10,(anonymous_6)
DA:1,2
DA:5,8
DA:6,8
DA:7,8
DA:8,8
DA:9,8
DA:10,8
DA:11,8
DA:16,8
DA:17,10
DA:27,8
DA:28,10
DA:30,8
DA:31,10
DA:33,20
DA:35,8
DA:36,10
DA:37,10
DA:40,8
DA:41,10
DA:42,10
DA:43,10
DA:44,10
DA:48,2
LF:24
LH:24
BRDA:4,0,0,1
BRDA:4,1,0,3
BRDA:27,2,0,10
BRDA:30,3,0,10
BRDA:33,4,0,10
BRDA:33,4,1,10
BRDA:35,5,0,10
BRDA:35,6,0,10
BRDA:36,7,0,3
BRDA:36,7,1,7
BRDA:40,8,0,10
BRF:11
BRH:11
end_of_record
TN:
SF:modules/formatter.js
FN:1,(anonymous_0)
FN:9,(anonymous_1)
FN:17,(anonymous_2)
FNF:3
FNH:3
FNDA:20,(anonymous_0)
FNDA:7,(anonymous_1)
FNDA:30,(anonymous_2)
DA:1,2
DA:2,20
DA:3,20
DA:4,7
DA:5,7
DA:6,7
DA:9,2
DA:10,7
DA:11,7
DA:12,7
DA:13,5
DA:14,3
DA:17,30
LF:13
LH:13
BRDA:3,0,0,13
BRDA:3,0,1,7
BRDA:12,1,0,2
BRDA:12,1,1,5
BRDA:13,2,0,2
BRDA:13,2,1,3
BRDA:17,3,0,20
BRDA:17,3,1,10
BRF:8
BRH:8
end_of_record
